{"name":"Log","hostname":"DESKTOP-6LL5UE2","pid":10872,"level":30,"msg":"Ghost is running in development...","time":"2022-10-13T02:12:42.526Z","v":0}
{"name":"Log","hostname":"DESKTOP-6LL5UE2","pid":10872,"level":30,"msg":"Listening on: 127.0.0.1:2368","time":"2022-10-13T02:12:42.527Z","v":0}
{"name":"Log","hostname":"DESKTOP-6LL5UE2","pid":10872,"level":30,"msg":"Url configured as: http://localhost:2368/","time":"2022-10-13T02:12:42.528Z","v":0}
{"name":"Log","hostname":"DESKTOP-6LL5UE2","pid":10872,"level":30,"msg":"Ctrl+C to shut down","time":"2022-10-13T02:12:42.528Z","v":0}
{"name":"Log","hostname":"DESKTOP-6LL5UE2","pid":10872,"level":30,"msg":"Ghost server started in 17.121s","time":"2022-10-13T02:12:42.529Z","v":0}
{"name":"Log","hostname":"DESKTOP-6LL5UE2","pid":10872,"level":40,"msg":"Database state requires initialisation.","time":"2022-10-13T02:12:45.167Z","v":0}
{"name":"Log","hostname":"DESKTOP-6LL5UE2","pid":10872,"level":30,"msg":"Creating table: newsletters","time":"2022-10-13T02:12:51.484Z","v":0}
{"name":"Log","hostname":"DESKTOP-6LL5UE2","pid":10872,"level":30,"msg":"Creating table: posts","time":"2022-10-13T02:12:51.923Z","v":0}
{"name":"Log","hostname":"DESKTOP-6LL5UE2","pid":10872,"level":30,"msg":"Creating table: posts_meta","time":"2022-10-13T02:12:52.123Z","v":0}
{"name":"Log","hostname":"DESKTOP-6LL5UE2","pid":10872,"level":30,"msg":"Creating table: users","time":"2022-10-13T02:12:52.333Z","v":0}
{"name":"Log","hostname":"DESKTOP-6LL5UE2","pid":10872,"level":30,"msg":"Creating table: posts_authors","time":"2022-10-13T02:12:52.638Z","v":0}
{"name":"Log","hostname":"DESKTOP-6LL5UE2","pid":10872,"level":30,"msg":"Creating table: roles","time":"2022-10-13T02:12:52.750Z","v":0}
{"name":"Log","hostname":"DESKTOP-6LL5UE2","pid":10872,"level":30,"msg":"Creating table: roles_users","time":"2022-10-13T02:12:52.925Z","v":0}
{"name":"Log","hostname":"DESKTOP-6LL5UE2","pid":10872,"level":30,"msg":"Creating table: permissions","time":"2022-10-13T02:12:53.092Z","v":0}
{"name":"Log","hostname":"DESKTOP-6LL5UE2","pid":10872,"level":30,"msg":"Creating table: permissions_users","time":"2022-10-13T02:12:53.348Z","v":0}
{"name":"Log","hostname":"DESKTOP-6LL5UE2","pid":10872,"level":30,"msg":"Creating table: permissions_roles","time":"2022-10-13T02:12:53.440Z","v":0}
{"name":"Log","hostname":"DESKTOP-6LL5UE2","pid":10872,"level":30,"msg":"Creating table: settings","time":"2022-10-13T02:12:53.542Z","v":0}
{"name":"Log","hostname":"DESKTOP-6LL5UE2","pid":10872,"level":30,"msg":"Creating table: tags","time":"2022-10-13T02:12:53.748Z","v":0}
{"name":"Log","hostname":"DESKTOP-6LL5UE2","pid":10872,"level":30,"msg":"Creating table: posts_tags","time":"2022-10-13T02:12:53.955Z","v":0}
{"name":"Log","hostname":"DESKTOP-6LL5UE2","pid":10872,"level":30,"msg":"Creating table: invites","time":"2022-10-13T02:12:54.052Z","v":0}
{"name":"Log","hostname":"DESKTOP-6LL5UE2","pid":10872,"level":30,"msg":"Creating table: brute","time":"2022-10-13T02:12:54.424Z","v":0}
{"name":"Log","hostname":"DESKTOP-6LL5UE2","pid":10872,"level":30,"msg":"Creating table: sessions","time":"2022-10-13T02:12:54.559Z","v":0}
{"name":"Log","hostname":"DESKTOP-6LL5UE2","pid":10872,"level":30,"msg":"Creating table: integrations","time":"2022-10-13T02:12:54.777Z","v":0}
{"name":"Log","hostname":"DESKTOP-6LL5UE2","pid":10872,"level":30,"msg":"Creating table: webhooks","time":"2022-10-13T02:12:55.003Z","v":0}
{"name":"Log","hostname":"DESKTOP-6LL5UE2","pid":10872,"level":30,"msg":"Creating table: api_keys","time":"2022-10-13T02:12:55.095Z","v":0}
{"name":"Log","hostname":"DESKTOP-6LL5UE2","pid":10872,"level":30,"msg":"Creating table: mobiledoc_revisions","time":"2022-10-13T02:12:55.287Z","v":0}
{"name":"Log","hostname":"DESKTOP-6LL5UE2","pid":10872,"level":30,"msg":"Creating table: post_revisions","time":"2022-10-13T02:12:55.478Z","v":0}
{"name":"Log","hostname":"DESKTOP-6LL5UE2","pid":10872,"level":30,"msg":"Creating table: members","time":"2022-10-13T02:12:55.754Z","v":0}
{"name":"Log","hostname":"DESKTOP-6LL5UE2","pid":10872,"level":30,"msg":"Creating table: products","time":"2022-10-13T02:12:56.250Z","v":0}
{"name":"Log","hostname":"DESKTOP-6LL5UE2","pid":10872,"level":30,"msg":"Creating table: offers","time":"2022-10-13T02:12:56.462Z","v":0}
{"name":"Log","hostname":"DESKTOP-6LL5UE2","pid":10872,"level":30,"msg":"Creating table: benefits","time":"2022-10-13T02:12:56.888Z","v":0}
{"name":"Log","hostname":"DESKTOP-6LL5UE2","pid":10872,"level":30,"msg":"Creating table: products_benefits","time":"2022-10-13T02:12:57.152Z","v":0}
{"name":"Log","hostname":"DESKTOP-6LL5UE2","pid":10872,"level":30,"msg":"Creating table: members_products","time":"2022-10-13T02:12:57.262Z","v":0}
{"name":"Log","hostname":"DESKTOP-6LL5UE2","pid":10872,"level":30,"msg":"Creating table: posts_products","time":"2022-10-13T02:12:57.378Z","v":0}
{"name":"Log","hostname":"DESKTOP-6LL5UE2","pid":10872,"level":30,"msg":"Creating table: members_created_events","time":"2022-10-13T02:12:57.476Z","v":0}
{"name":"Log","hostname":"DESKTOP-6LL5UE2","pid":10872,"level":30,"msg":"Creating table: members_cancel_events","time":"2022-10-13T02:12:57.595Z","v":0}
{"name":"Log","hostname":"DESKTOP-6LL5UE2","pid":10872,"level":30,"msg":"Creating table: members_payment_events","time":"2022-10-13T02:12:57.700Z","v":0}
{"name":"Log","hostname":"DESKTOP-6LL5UE2","pid":10872,"level":30,"msg":"Creating table: members_login_events","time":"2022-10-13T02:12:57.808Z","v":0}
{"name":"Log","hostname":"DESKTOP-6LL5UE2","pid":10872,"level":30,"msg":"Creating table: members_email_change_events","time":"2022-10-13T02:12:57.908Z","v":0}
{"name":"Log","hostname":"DESKTOP-6LL5UE2","pid":10872,"level":30,"msg":"Creating table: members_status_events","time":"2022-10-13T02:12:58.007Z","v":0}
{"name":"Log","hostname":"DESKTOP-6LL5UE2","pid":10872,"level":30,"msg":"Creating table: members_product_events","time":"2022-10-13T02:12:58.100Z","v":0}
{"name":"Log","hostname":"DESKTOP-6LL5UE2","pid":10872,"level":30,"msg":"Creating table: members_paid_subscription_events","time":"2022-10-13T02:12:58.203Z","v":0}
{"name":"Log","hostname":"DESKTOP-6LL5UE2","pid":10872,"level":30,"msg":"Creating table: labels","time":"2022-10-13T02:12:58.320Z","v":0}
{"name":"Log","hostname":"DESKTOP-6LL5UE2","pid":10872,"level":30,"msg":"Creating table: members_labels","time":"2022-10-13T02:12:58.691Z","v":0}
{"name":"Log","hostname":"DESKTOP-6LL5UE2","pid":10872,"level":30,"msg":"Creating table: members_stripe_customers","time":"2022-10-13T02:12:58.782Z","v":0}
{"name":"Log","hostname":"DESKTOP-6LL5UE2","pid":10872,"level":30,"msg":"Creating table: members_stripe_customers_subscriptions","time":"2022-10-13T02:12:58.982Z","v":0}
{"name":"Log","hostname":"DESKTOP-6LL5UE2","pid":10872,"level":30,"msg":"Creating table: members_subscription_created_events","time":"2022-10-13T02:12:59.297Z","v":0}
{"name":"Log","hostname":"DESKTOP-6LL5UE2","pid":10872,"level":30,"msg":"Creating table: offer_redemptions","time":"2022-10-13T02:12:59.402Z","v":0}
{"name":"Log","hostname":"DESKTOP-6LL5UE2","pid":10872,"level":30,"msg":"Creating table: members_subscribe_events","time":"2022-10-13T02:12:59.507Z","v":0}
{"name":"Log","hostname":"DESKTOP-6LL5UE2","pid":10872,"level":30,"msg":"Creating table: stripe_products","time":"2022-10-13T02:12:59.617Z","v":0}
{"name":"Log","hostname":"DESKTOP-6LL5UE2","pid":10872,"level":30,"msg":"Creating table: stripe_prices","time":"2022-10-13T02:12:59.892Z","v":0}
{"name":"Log","hostname":"DESKTOP-6LL5UE2","pid":10872,"level":30,"msg":"Creating table: actions","time":"2022-10-13T02:13:00.138Z","v":0}
{"name":"Log","hostname":"DESKTOP-6LL5UE2","pid":10872,"level":30,"msg":"Creating table: emails","time":"2022-10-13T02:13:00.241Z","v":0}
{"name":"Log","hostname":"DESKTOP-6LL5UE2","pid":10872,"level":30,"msg":"Creating table: email_batches","time":"2022-10-13T02:13:00.537Z","v":0}
{"name":"Log","hostname":"DESKTOP-6LL5UE2","pid":10872,"level":30,"msg":"Creating table: email_recipients","time":"2022-10-13T02:13:00.602Z","v":0}
{"name":"Log","hostname":"DESKTOP-6LL5UE2","pid":10872,"level":30,"msg":"Creating table: tokens","time":"2022-10-13T02:13:01.159Z","v":0}
{"name":"Log","hostname":"DESKTOP-6LL5UE2","pid":10872,"level":30,"msg":"Creating table: snippets","time":"2022-10-13T02:13:01.321Z","v":0}
{"name":"Log","hostname":"DESKTOP-6LL5UE2","pid":10872,"level":30,"msg":"Creating table: custom_theme_settings","time":"2022-10-13T02:13:01.537Z","v":0}
{"name":"Log","hostname":"DESKTOP-6LL5UE2","pid":10872,"level":30,"msg":"Creating table: members_newsletters","time":"2022-10-13T02:13:01.675Z","v":0}
{"name":"Log","hostname":"DESKTOP-6LL5UE2","pid":10872,"level":30,"msg":"Creating table: comments","time":"2022-10-13T02:13:01.763Z","v":0}
{"name":"Log","hostname":"DESKTOP-6LL5UE2","pid":10872,"level":30,"msg":"Creating table: comment_likes","time":"2022-10-13T02:13:01.878Z","v":0}
{"name":"Log","hostname":"DESKTOP-6LL5UE2","pid":10872,"level":30,"msg":"Creating table: comment_reports","time":"2022-10-13T02:13:01.969Z","v":0}
{"name":"Log","hostname":"DESKTOP-6LL5UE2","pid":10872,"level":30,"msg":"Creating table: jobs","time":"2022-10-13T02:13:02.061Z","v":0}
{"name":"Log","hostname":"DESKTOP-6LL5UE2","pid":10872,"level":30,"msg":"Creating table: redirects","time":"2022-10-13T02:13:02.286Z","v":0}
{"name":"Log","hostname":"DESKTOP-6LL5UE2","pid":10872,"level":30,"msg":"Creating table: members_click_events","time":"2022-10-13T02:13:02.367Z","v":0}
{"name":"Log","hostname":"DESKTOP-6LL5UE2","pid":10872,"level":30,"msg":"Model: Product","time":"2022-10-13T02:13:03.642Z","v":0}
{"name":"Log","hostname":"DESKTOP-6LL5UE2","pid":10872,"level":30,"msg":"Model: Newsletter","time":"2022-10-13T02:13:03.651Z","v":0}
{"name":"Log","hostname":"DESKTOP-6LL5UE2","pid":10872,"level":30,"msg":"Model: Tag","time":"2022-10-13T02:13:03.667Z","v":0}
{"name":"Log","hostname":"DESKTOP-6LL5UE2","pid":10872,"level":30,"msg":"Model: Permission","time":"2022-10-13T02:13:03.672Z","v":0}
{"name":"Log","hostname":"DESKTOP-6LL5UE2","pid":10872,"level":30,"msg":"Model: Post","time":"2022-10-13T02:13:03.921Z","v":0}
{"name":"Log","hostname":"DESKTOP-6LL5UE2","pid":10872,"level":30,"msg":"Model: Integration","time":"2022-10-13T02:13:09.582Z","v":0}
{"name":"Log","hostname":"DESKTOP-6LL5UE2","pid":10872,"level":30,"msg":"Relation: Role to Permission","time":"2022-10-13T02:13:09.644Z","v":0}
{"name":"Log","hostname":"DESKTOP-6LL5UE2","pid":10872,"level":30,"msg":"Relation: Post to Tag","time":"2022-10-13T02:13:09.839Z","v":0}
{"name":"Log","hostname":"DESKTOP-6LL5UE2","pid":10872,"level":30,"msg":"Database is in a ready state.","time":"2022-10-13T02:13:10.603Z","v":0}
{"name":"Log","hostname":"DESKTOP-6LL5UE2","pid":10872,"level":30,"msg":"Ghost database ready in 45.237s","time":"2022-10-13T02:13:10.645Z","v":0}
{"name":"Log","hostname":"DESKTOP-6LL5UE2","pid":10872,"level":50,"err":{"id":"9d862040-4a9c-11ed-b3d9-9371afd69955","domain":"http://localhost:2368/","code":"ENOENT","name":"InternalServerError","statusCode":500,"level":"critical","message":"Unable to activate the theme \"casper\".","stack":"Error: ENOENT: no such file or directory, copyfile 'C:\\PrimerSemestreAndes\\MISW4103-202215-IM\\ghost\\versions\\5.18.0\\core\\frontend\\src\\admin-auth\\index.html' -> 'C:\\PrimerSemestreAndes\\MISW4103-202215-IM\\ghost\\content\\public\\admin-auth\\index.html'\n    at Bridge.activateTheme (C:\\PrimerSemestreAndes\\MISW4103-202215-IM\\ghost\\versions\\5.18.0\\core\\bridge.js:76:27)","hideStack":false},"msg":"Unable to activate the theme \"casper\".","time":"2022-10-13T02:13:23.655Z","v":0}
{"name":"Log","hostname":"DESKTOP-6LL5UE2","pid":10872,"level":30,"msg":"Ghost URL Service Ready in 66.142s","time":"2022-10-13T02:13:31.551Z","v":0}
{"name":"Log","hostname":"DESKTOP-6LL5UE2","pid":10872,"level":30,"msg":"Adding one off inline job to the queue","time":"2022-10-13T02:13:35.316Z","v":0}
{"name":"Log","hostname":"DESKTOP-6LL5UE2","pid":10872,"level":30,"msg":"Stripe not configured - skipping migrations","time":"2022-10-13T02:13:35.410Z","v":0}
{"name":"Log","hostname":"DESKTOP-6LL5UE2","pid":10872,"level":30,"msg":"Adding offloaded job to the queue","time":"2022-10-13T02:13:35.565Z","v":0}
{"name":"Log","hostname":"DESKTOP-6LL5UE2","pid":10872,"level":30,"msg":"Scheduling job clean-expired-comped at 26 5 0 * * *. Next run on: Thu Oct 13 2022 00:05:26 GMT-0500 (hora estándar de Colombia)","time":"2022-10-13T02:13:35.586Z","v":0}
{"name":"Log","hostname":"DESKTOP-6LL5UE2","pid":10872,"level":30,"msg":"Ghost booted in 70.189s","time":"2022-10-13T02:13:35.597Z","v":0}
{"name":"Log","hostname":"DESKTOP-6LL5UE2","pid":10872,"level":30,"msg":"Adding offloaded job to the queue","time":"2022-10-13T02:13:35.619Z","v":0}
{"name":"Log","hostname":"DESKTOP-6LL5UE2","pid":10872,"level":30,"msg":"Scheduling job update-check at 36 12 18 * * *. Next run on: Thu Oct 13 2022 18:12:36 GMT-0500 (hora estándar de Colombia)","time":"2022-10-13T02:13:35.623Z","v":0}
